Assuming unrestricted shared filesystem usage.
host: ip-10-0-21-238
Building DAG of jobs...
Using shell: /usr/bin/bash
Provided cores: 1 (use --cores to define parallelism)
Rules claiming more threads will be scaled down.
Singularity containers: ignored
Job stats:
job                 count
----------------  -------
all                     1
analysis                1
clean_clinical          1
combine_data            1
extract_data            1
initial_analysis        1
predict_proteins        1
total                   7

Select jobs to execute...
Execute 1 jobs...
[Tue Feb  3 14:15:40 2026]
localrule predict_proteins:
    input: /data/user20/rhds/data/methylation-clean-score-sites.csv.gz
    output: /data/user20/rhds/results/predicted-proteins.txt
    log: /data/user20/rhds/results/logs/predict-proteins.log
    jobid: 7
    reason: Updated input files: /data/user20/rhds/data/methylation-clean-score-sites.csv.gz
    resources: tmpdir=/tmp
Select jobs to execute...
[Tue Feb  3 14:16:12 2026]
Finished jobid: 7 (Rule: predict_proteins)
1 of 7 steps (14%) done
Execute 1 jobs...
[Tue Feb  3 14:16:12 2026]
localrule extract_data:
    input: /data/user20/rhds/results/md5sums.txt
    output: /data/user20/rhds/results/clinical.txt, /data/user20/rhds/results/protein-clean.txt
    log: /data/user20/rhds/results/logs/extract-data.log
    jobid: 5
    reason: Missing output files: /data/user20/rhds/results/clinical.txt; Updated input files: /data/user20/rhds/results/md5sums.txt
    resources: tmpdir=/tmp
[Tue Feb  3 14:16:17 2026]
Finished jobid: 5 (Rule: extract_data)
2 of 7 steps (29%) done
Select jobs to execute...
Execute 1 jobs...
[Tue Feb  3 14:16:17 2026]
localrule clean_clinical:
    input: /data/user20/rhds/results/clinical.txt, /data/user20/rhds/results/TCGA-CDR-SupplementalTableS1.txt
    output: /data/user20/rhds/results/clinical-clean.txt
    log: /data/user20/rhds/results/logs/clean-clinical.log
    jobid: 4
    reason: Input files updated by another job: /data/user20/rhds/results/clinical.txt
    resources: tmpdir=/tmp
[Tue Feb  3 14:16:19 2026]
Finished jobid: 4 (Rule: clean_clinical)
3 of 7 steps (43%) done
Select jobs to execute...
Execute 1 jobs...
[Tue Feb  3 14:16:20 2026]
localrule combine_data:
    input: /data/user20/rhds/results/clinical-clean.txt, /data/user20/rhds/results/predicted-proteins.txt
    output: /data/user20/rhds/results/combined-clin-pred-proteins.txt
    log: /data/user20/rhds/results/logs/combine-data.log
    jobid: 3
    reason: Input files updated by another job: /data/user20/rhds/results/clinical-clean.txt, /data/user20/rhds/results/predicted-proteins.txt
    resources: tmpdir=/tmp
[Tue Feb  3 14:16:22 2026]
Finished jobid: 3 (Rule: combine_data)
4 of 7 steps (57%) done
Select jobs to execute...
Execute 2 jobs...
[Tue Feb  3 14:16:22 2026]
localrule analysis:
    input: /data/user20/rhds/results/combined-clin-pred-proteins.txt
    output: /data/user20/rhds/docs/analysis.html
    log: /data/user20/rhds/results/logs/analysis.log
    jobid: 2
    reason: Input files updated by another job: /data/user20/rhds/results/combined-clin-pred-proteins.txt
    resources: tmpdir=/tmp
[Tue Feb  3 14:16:22 2026]
localrule initial_analysis:
    input: /data/user20/rhds/results/combined-clin-pred-proteins.txt, scripts/initial-analysis.ipynb
    output: /data/user20/rhds/docs/initial-analysis.html
    log: /data/user20/rhds/results/logs/analysis.log
    jobid: 8
    reason: Missing output files: /data/user20/rhds/docs/initial-analysis.html; Input files updated by another job: /data/user20/rhds/results/combined-clin-pred-proteins.txt
    resources: tmpdir=/tmp
RuleException:
CalledProcessError in file "/users/home/user20/repo/rhds/rules/analysis.smk", line 13:
Command 'set -euo pipefail;  
        jupyter nbconvert --execute --to html --output-dir /data/user20/rhds/docs scripts/initial-analysis.ipynb' returned non-zero exit status 1.
[Tue Feb  3 14:16:42 2026]
Error in rule initial_analysis:
    message: None
    jobid: 8
    input: /data/user20/rhds/results/combined-clin-pred-proteins.txt, scripts/initial-analysis.ipynb
    output: /data/user20/rhds/docs/initial-analysis.html
    log: /data/user20/rhds/results/logs/analysis.log (check log file(s) for error details)
    shell:
        
        jupyter nbconvert --execute --to html --output-dir /data/user20/rhds/docs scripts/initial-analysis.ipynb
        
        (command exited with non-zero exit code)
[Tue Feb  3 14:16:46 2026]
Finished jobid: 2 (Rule: analysis)
5 of 7 steps (71%) done
Shutting down, this might take some time.
Exiting because a job execution failed. Look below for error messages
[Tue Feb  3 14:16:46 2026]
Error in rule initial_analysis:
    message: None
    jobid: 8
    input: /data/user20/rhds/results/combined-clin-pred-proteins.txt, scripts/initial-analysis.ipynb
    output: /data/user20/rhds/docs/initial-analysis.html
    log: /data/user20/rhds/results/logs/analysis.log (check log file(s) for error details)
    shell:
        
        jupyter nbconvert --execute --to html --output-dir /data/user20/rhds/docs scripts/initial-analysis.ipynb
        
        (command exited with non-zero exit code)
Complete log(s): /users/home/user20/repo/rhds/.snakemake/log/2026-02-03T141538.202295.snakemake.log
WorkflowError:
At least one job did not complete successfully.
