Assuming unrestricted shared filesystem usage.
host: ip-10-0-21-238
Building DAG of jobs...
Using shell: /usr/bin/bash
Provided cores: 1 (use --cores to define parallelism)
Rules claiming more threads will be scaled down.
Job stats:
job              count
-------------  -------
all                  1
download_data        1
total                2

Select jobs to execute...
Execute 1 jobs...
[Tue Feb  3 13:41:44 2026]
localrule download_data:
    input: scripts/files.csv
    output: /data/user20/rhds/results/md5sums.txt
    log: /data/user20/rhds/results/logs/download-data.log
    jobid: 1
    reason: Missing output files: /data/user20/rhds/results/md5sums.txt
    resources: tmpdir=/tmp
Activating singularity image rhds-tcga-r.sif
RuleException:
CalledProcessError in file "/users/home/user20/repo/rhds/Snakefile", line 28:
Command ' singularity  exec --home '/users/home/user20/repo/rhds' --fakeroot -B /data/user20/rhds/data -B /data/user20/rhds/results -B /data/user20/rhds/docs -B /users/home/user20/repo/rhds --bind '/users/home/user20/.cache/snakemake/snakemake/source-cache' rhds-tcga-r.sif bash -c 'set -euo pipefail;  
        cd scripts
        bash download-data.sh /data/user20/rhds/data /data/user20/rhds/results > /data/user20/rhds/results/logs/download-data.log'' returned non-zero exit status 1.
[Tue Feb  3 13:41:45 2026]
Error in rule download_data:
    message: None
    jobid: 1
    input: scripts/files.csv
    output: /data/user20/rhds/results/md5sums.txt
    log: /data/user20/rhds/results/logs/download-data.log (check log file(s) for error details)
    shell:
        
        cd scripts
        bash download-data.sh /data/user20/rhds/data /data/user20/rhds/results > /data/user20/rhds/results/logs/download-data.log
        
        (command exited with non-zero exit code)
Shutting down, this might take some time.
Exiting because a job execution failed. Look below for error messages
[Tue Feb  3 13:41:45 2026]
Error in rule download_data:
    message: None
    jobid: 1
    input: scripts/files.csv
    output: /data/user20/rhds/results/md5sums.txt
    log: /data/user20/rhds/results/logs/download-data.log (check log file(s) for error details)
    shell:
        
        cd scripts
        bash download-data.sh /data/user20/rhds/data /data/user20/rhds/results > /data/user20/rhds/results/logs/download-data.log
        
        (command exited with non-zero exit code)
Complete log(s): /users/home/user20/repo/rhds/.snakemake/log/2026-02-03T134143.715725.snakemake.log
WorkflowError:
At least one job did not complete successfully.
