Assuming unrestricted shared filesystem usage.
host: ip-10-0-21-238
Building DAG of jobs...
Using shell: /usr/bin/bash
Provided cores: 1 (use --cores to define parallelism)
Rules claiming more threads will be scaled down.
Job stats:
job              count
-------------  -------
all                  1
download_data        1
total                2

Select jobs to execute...
Execute 1 jobs...
[Tue Feb  3 13:54:54 2026]
localrule download_data:
    input: scripts/files.csv
    output: /data/user20/rhds/results/md5sums.txt
    log: /data/user20/rhds/results/logs/download-data.log
    jobid: 1
    reason: Software environment definition has changed since last execution
    resources: tmpdir=/tmp
Activating singularity image rhds-tcga-r.sif
[Tue Feb  3 13:55:18 2026]
Finished jobid: 1 (Rule: download_data)
1 of 2 steps (50%) done
Select jobs to execute...
Execute 1 jobs...
[Tue Feb  3 13:55:18 2026]
localrule all:
    input: /data/user20/rhds/results/md5sums.txt
    jobid: 0
    reason: Input files updated by another job: /data/user20/rhds/results/md5sums.txt
    resources: tmpdir=/tmp
[Tue Feb  3 13:55:18 2026]
Finished jobid: 0 (Rule: all)
2 of 2 steps (100%) done
Complete log(s): /users/home/user20/repo/rhds/.snakemake/log/2026-02-03T135453.839967.snakemake.log
