Building DAG of jobs...
Using shell: /usr/bin/bash
Provided cores: 1 (use --cores to define parallelism)
Rules claiming more threads will be scaled down.
Singularity containers: ignored
Job stats:
job                 count
----------------  -------
all                     1
analysis                1
clean_clinical          1
combine_data            1
download_data           1
extract_data            1
initial_analysis        1
predict_proteins        1
total                   8

Select jobs to execute...

[Tue Feb  3 14:09:28 2026]
rule download_data:
    input: scripts/files.csv
    output: /data/user20/rhds/results/md5sums.txt, /data/user20/rhds/data/methylation-clean-score-sites.csv.gz
    log: /data/user20/rhds/results/logs/download-data.log
    jobid: 1
    reason: Code has changed since last execution
    resources: tmpdir=/tmp

[Tue Feb  3 14:10:00 2026]
Finished job 1.
1 of 8 steps (12%) done
Select jobs to execute...

[Tue Feb  3 14:10:00 2026]
rule extract_data:
    input: /data/user20/rhds/results/md5sums.txt
    output: /data/user20/rhds/results/clinical.txt, /data/user20/rhds/results/protein-clean.txt
    log: /data/user20/rhds/results/logs/extract-data.log
    jobid: 5
    reason: Input files updated by another job: /data/user20/rhds/results/md5sums.txt
    resources: tmpdir=/tmp

[Tue Feb  3 14:10:01 2026]
Error in rule extract_data:
    jobid: 5
    input: /data/user20/rhds/results/md5sums.txt
    output: /data/user20/rhds/results/clinical.txt, /data/user20/rhds/results/protein-clean.txt
    log: /data/user20/rhds/results/logs/extract-data.log (check log file(s) for error details)
    shell:
        
        Rscript scripts/extract-data.r /data/user20/rhds/data /data/user20/rhds/results
        
        (one of the commands exited with non-zero exit code; note that snakemake uses bash strict mode!)

Shutting down, this might take some time.
Exiting because a job execution failed. Look above for error message
Complete log: .snakemake/log/2026-02-03T140924.814519.snakemake.log
