Assuming unrestricted shared filesystem usage.
host: ip-10-0-21-238
Building DAG of jobs...
Using shell: /usr/bin/bash
Provided cores: 1 (use --cores to define parallelism)
Rules claiming more threads will be scaled down.
Singularity containers: ignored
Job stats:
job                 count
----------------  -------
all                     1
initial_analysis        1
total                   2

Select jobs to execute...
Execute 1 jobs...
[Tue Feb  3 14:20:35 2026]
localrule initial_analysis:
    input: /data/user20/rhds/results/combined-clin-pred-proteins.txt, scripts/initial-analysis.ipynb
    output: /data/user20/rhds/docs/initial-analysis.html
    log: /data/user20/rhds/results/logs/analysis.log
    jobid: 8
    reason: Missing output files: /data/user20/rhds/docs/initial-analysis.html
    resources: tmpdir=/tmp
[Tue Feb  3 14:20:58 2026]
Finished jobid: 8 (Rule: initial_analysis)
1 of 2 steps (50%) done
Select jobs to execute...
Execute 1 jobs...
[Tue Feb  3 14:20:58 2026]
localrule all:
    input: /data/user20/rhds/results/md5sums.txt, /data/user20/rhds/docs/analysis.html, /data/user20/rhds/docs/initial-analysis.html
    jobid: 0
    reason: Input files updated by another job: /data/user20/rhds/docs/initial-analysis.html
    resources: tmpdir=/tmp
[Tue Feb  3 14:20:58 2026]
Finished jobid: 0 (Rule: all)
2 of 2 steps (100%) done
Complete log(s): /users/home/user20/repo/rhds/.snakemake/log/2026-02-03T142034.291932.snakemake.log
